
Copyright (C) 1994-2023 Synopsys, Inc.
This Synopsys software and all associated documentation are proprietary to Synopsys, Inc.
and may only be used pursuant to the terms and conditions of a written license agreement
with Synopsys, Inc. All other use, reproduction, modification, or distribution of the
Synopsys software or the associated documentation is strictly prohibited.
Tool: Synplify Pro (R)
Build: U-2023.03L-SP1
Install: E:\Programs\Iscc\diamond\3.13\synpbase
OS: Windows 10 or later
Hostname: FLOS-DESKTOP

Implementation : impl1
Synopsys HDL compiler and linker, Version comp202303synp1, Build 173R, Built Aug 31 2023 03:59:48, @

Modified Files: 13
FID:  path (prevtimestamp, timestamp)
0        C:\Users\Flori\iCloudDrive\Uni\sose24\fpga\sheets\blatt02\impl1\source\edge_detector.vhd (N/A, 2024-05-27 18:24:14)
1        C:\Users\Flori\iCloudDrive\Uni\sose24\fpga\sheets\blatt02\impl1\source\ex02_debouncer.vhd (N/A, 2024-05-27 18:24:14)
2        C:\Users\Flori\iCloudDrive\Uni\sose24\fpga\sheets\blatt02\impl1\source\ex02_top.vhd (N/A, 2024-05-27 18:24:14)
3        E:\Programs\Iscc\diamond\3.13\cae_library\synthesis\vhdl\machxo3l.vhd (N/A, 2021-02-24 23:38:16)
4        E:\Programs\Iscc\diamond\3.13\synpbase\lib\vhd\arith.vhd (N/A, 2023-08-10 09:32:12)
5        E:\Programs\Iscc\diamond\3.13\synpbase\lib\vhd\hyperents.vhd (N/A, 2023-08-10 09:32:12)
6        E:\Programs\Iscc\diamond\3.13\synpbase\lib\vhd\location.map (N/A, 2023-08-30 15:59:46)
7        E:\Programs\Iscc\diamond\3.13\synpbase\lib\vhd\numeric.vhd (N/A, 2023-08-10 09:32:12)
8        E:\Programs\Iscc\diamond\3.13\synpbase\lib\vhd\snps_haps_pkg.vhd (N/A, 2023-08-10 09:32:12)
9        E:\Programs\Iscc\diamond\3.13\synpbase\lib\vhd\std.vhd (N/A, 2023-08-10 09:32:12)
10       E:\Programs\Iscc\diamond\3.13\synpbase\lib\vhd\std1164.vhd (N/A, 2023-08-10 09:32:12)
11       E:\Programs\Iscc\diamond\3.13\synpbase\lib\vhd\umr_capim.vhd (N/A, 2023-08-10 09:32:12)
12       E:\Programs\Iscc\diamond\3.13\synpbase\lib\vhd\unsigned.vhd (N/A, 2023-08-10 09:32:12)

*******************************************************************
Modules that may have changed as a result of file changes: 3
MID:  lib.cell.view
0        work.edge_detector.det may have changed because the following files changed:
                        C:\Users\Flori\iCloudDrive\Uni\sose24\fpga\sheets\blatt02\impl1\source\edge_detector.vhd (N/A, 2024-05-27 18:24:14) <-- (architecture and entity definition)
                        C:\Users\Flori\iCloudDrive\Uni\sose24\fpga\sheets\blatt02\impl1\source\ex02_top.vhd (N/A, 2024-05-27 18:24:14) <-- (may instantiate this module)
2        work.ex02_debouncer.deb may have changed because the following files changed:
                        C:\Users\Flori\iCloudDrive\Uni\sose24\fpga\sheets\blatt02\impl1\source\ex02_debouncer.vhd (N/A, 2024-05-27 18:24:14) <-- (architecture and entity definition)
                        C:\Users\Flori\iCloudDrive\Uni\sose24\fpga\sheets\blatt02\impl1\source\ex02_top.vhd (N/A, 2024-05-27 18:24:14) <-- (may instantiate this module)
4        work.ex02_top.arch may have changed because the following files changed:
                        C:\Users\Flori\iCloudDrive\Uni\sose24\fpga\sheets\blatt02\impl1\source\ex02_top.vhd (N/A, 2024-05-27 18:24:14) <-- (architecture and entity definition)

*******************************************************************
Unmodified files: 0
FID:  path (timestamp)

*******************************************************************
Unchanged modules: 0
MID:  lib.cell.view
