{
"Synplify Pro (R) Job Log" : {
	"Date" : "20:28:10    20-May-2024",
	"Working Directory" : "C:/Users/Flori/iCloudDrive/Uni/sose24/fpga/sheets/blatt01/impl1",
	"Install" : "E:/Programs/Iscc/diamond/3.13/synpbase"
},
"hdl_info_gen" :{
   "Start Time" : "20:27:51",
   "Runtime" : "01s",
   "Executable Run Time" : "01s",
   "hdl_info_gen" : {
      "executable" : "bin64/c_vhdl.exe",
      "Run Directory" : "C:/Users/Flori/iCloudDrive/Uni/sose24/fpga/sheets/blatt01/impl1",
      "Run State" : "Complete",
      "Return Code" : "0",
      "Has Errors" : "no",
      "Run Start Time" : "20:27:51",
      "Run Time" : "01s",
      "Exe Run Time" : "01s",
      "Memory Usage" : "-",
      "Up-to-date (run skipped)" : "no"
   }
},
"impl1" :{
   "Start Time" : "20:27:53",
   "Runtime" : "17s",
   "Executable Run Time" : "15s",
   "synthesis" : {
      "Start Time" : "20:27:53",
      "Runtime" : "17s",
      "Executable Run Time" : "15s",
      "compile" : {
         "Start Time" : "20:27:53",
         "Runtime" : "08s",
         "Executable Run Time" : "07s",
         "compile_flow" : {
            "Start Time" : "20:27:53",
            "Runtime" : "04s",
            "Executable Run Time" : "03s",
            "compiler" : {
               "executable" : "bin64/c_hdl.exe",
               "Run Directory" : "C:/Users/Flori/iCloudDrive/Uni/sose24/fpga/sheets/blatt01/impl1",
               "Run State" : "Complete",
               "Return Code" : "0",
               "Has Errors" : "no",
               "Run Start Time" : "20:27:53",
               "Run Time" : "04s",
               "Exe Run Time" : "03s",
               "Memory Usage" : "-",
               "Up-to-date (run skipped)" : "no"
            },
            "multi_srs_gen" : {
               "executable" : "bin64/syn_nfilter.exe",
               "Run Directory" : "C:/Users/Flori/iCloudDrive/Uni/sose24/fpga/sheets/blatt01/impl1",
               "Run State" : "Complete",
               "Return Code" : "0",
               "Has Errors" : "no",
               "Run Start Time" : "20:27:57",
               "Run Time" : "00s",
               "Exe Run Time" : "00s",
               "Memory Usage" : "-",
               "Up-to-date (run skipped)" : "no"
            }
         },
         "premap" : {
            "executable" : "bin64/m_gen_lattice.exe",
            "Run Directory" : "C:/Users/Flori/iCloudDrive/Uni/sose24/fpga/sheets/blatt01/impl1",
            "Run State" : "Complete",
            "Return Code" : "0",
            "Has Errors" : "no",
            "Run Start Time" : "20:27:57",
            "Run Time" : "04s",
            "Exe Run Time" : "04s",
            "Memory Usage" : "-",
            "Up-to-date (run skipped)" : "no"
         }
      },
      "map" : {
         "Start Time" : "20:28:02",
         "Runtime" : "08s",
         "Executable Run Time" : "08s",
         "fpga_mapper" : {
            "executable" : "bin64/m_gen_lattice.exe",
            "Run Directory" : "C:/Users/Flori/iCloudDrive/Uni/sose24/fpga/sheets/blatt01/impl1",
            "Run State" : "Complete",
            "Return Code" : "0",
            "Has Errors" : "no",
            "Run Start Time" : "20:28:02",
            "Run Time" : "08s",
            "Exe Run Time" : "08s",
            "Memory Usage" : "-",
            "Up-to-date (run skipped)" : "no"
         }
      }
   }
}
}