{
"Synplify Pro (R) Job Log" : {
	"Date" : "13:20:43    19-May-2024",
	"Working Directory" : "C:/Users/Flori/iCloudDrive/Uni/sose24/fpga/sheets/blatt00/impl1",
	"Install" : "E:/Programs/Iscc/diamond/3.13/synpbase"
},
"hdl_info_gen" :{
   "Start Time" : "13:20:26",
   "Runtime" : "01s",
   "Executable Run Time" : "01s",
   "hdl_info_gen" : {
      "executable" : "bin64/c_vhdl.exe",
      "Run Directory" : "C:/Users/Flori/iCloudDrive/Uni/sose24/fpga/sheets/blatt00/impl1",
      "Run State" : "Complete",
      "Return Code" : "0",
      "Has Errors" : "no",
      "Run Start Time" : "13:20:26",
      "Run Time" : "01s",
      "Exe Run Time" : "01s",
      "Memory Usage" : "-",
      "Up-to-date (run skipped)" : "no"
   }
},
"impl1" :{
   "Start Time" : "13:20:27",
   "Runtime" : "16s",
   "Executable Run Time" : "14s",
   "synthesis" : {
      "Start Time" : "13:20:27",
      "Runtime" : "16s",
      "Executable Run Time" : "14s",
      "compile" : {
         "Start Time" : "13:20:27",
         "Runtime" : "08s",
         "Executable Run Time" : "07s",
         "compile_flow" : {
            "Start Time" : "13:20:27",
            "Runtime" : "04s",
            "Executable Run Time" : "03s",
            "compiler" : {
               "executable" : "bin64/c_hdl.exe",
               "Run Directory" : "C:/Users/Flori/iCloudDrive/Uni/sose24/fpga/sheets/blatt00/impl1",
               "Run State" : "Complete",
               "Return Code" : "0",
               "Has Errors" : "no",
               "Run Start Time" : "13:20:27",
               "Run Time" : "03s",
               "Exe Run Time" : "02s",
               "Memory Usage" : "-",
               "Up-to-date (run skipped)" : "no"
            },
            "multi_srs_gen" : {
               "executable" : "bin64/syn_nfilter.exe",
               "Run Directory" : "C:/Users/Flori/iCloudDrive/Uni/sose24/fpga/sheets/blatt00/impl1",
               "Run State" : "Complete",
               "Return Code" : "0",
               "Has Errors" : "no",
               "Run Start Time" : "13:20:30",
               "Run Time" : "01s",
               "Exe Run Time" : "01s",
               "Memory Usage" : "-",
               "Up-to-date (run skipped)" : "no"
            }
         },
         "premap" : {
            "executable" : "bin64/m_gen_lattice.exe",
            "Run Directory" : "C:/Users/Flori/iCloudDrive/Uni/sose24/fpga/sheets/blatt00/impl1",
            "Run State" : "Complete",
            "Return Code" : "1",
            "Has Errors" : "no",
            "Run Start Time" : "13:20:31",
            "Run Time" : "04s",
            "Exe Run Time" : "04s",
            "Memory Usage" : "-",
            "Up-to-date (run skipped)" : "no"
         }
      },
      "map" : {
         "Start Time" : "13:20:35",
         "Runtime" : "08s",
         "Executable Run Time" : "07s",
         "fpga_mapper" : {
            "executable" : "bin64/m_gen_lattice.exe",
            "Run Directory" : "C:/Users/Flori/iCloudDrive/Uni/sose24/fpga/sheets/blatt00/impl1",
            "Run State" : "Complete",
            "Return Code" : "1",
            "Has Errors" : "no",
            "Run Start Time" : "13:20:35",
            "Run Time" : "08s",
            "Exe Run Time" : "07s",
            "Memory Usage" : "-",
            "Up-to-date (run skipped)" : "no"
         }
      }
   }
}
}